Configuring quickcheck-io-0.1.2...
Building quickcheck-io-0.1.2...
Preprocessing library quickcheck-io-0.1.2...
[1 of 1] Compiling Test.QuickCheck.IO ( src/Test/QuickCheck/IO.hs, dist/dist-sandbox-640fe96d/build/Test/QuickCheck/IO.o )
[1 of 1] Compiling Test.QuickCheck.IO ( src/Test/QuickCheck/IO.hs, dist/dist-sandbox-640fe96d/build/Test/QuickCheck/IO.p_o )
In-place registering quickcheck-io-0.1.2...
Running Haddock for quickcheck-io-0.1.2...
Preprocessing library quickcheck-io-0.1.2...
Haddock coverage:
   0% (  0 /  3) in 'Test.QuickCheck.IO'
  Missing documentation for:
    Module header
     (src/Test/QuickCheck/IO.hs:9)
    propertyIO (src/Test/QuickCheck/IO.hs:13)
Documentation created:
dist/dist-sandbox-640fe96d/doc/html/quickcheck-io/index.html
Creating package registration file:
/var/folders/tt/hw80qcl54ln8pcxm4pqqqgtw0000gn/T/pkgConf-quickcheck-io-0.15305119672110010672.2
Installing library in
/Users/zhangli/hasplay/addition/.cabal-sandbox/lib/x86_64-osx-ghc-7.10.3/quickcheck-io-0.1.2-IO6aBpnUtEv5p9XSqewuzR
Registering quickcheck-io-0.1.2...
